Arguments: 
  /home/friedger/.nvm/versions/node/v10.21.0/bin/node /home/friedger/.yarn/bin/yarn init

PATH: 
  /home/friedger/.yarn/bin:/home/friedger/.config/yarn/global/node_modules/.bin:/home/friedger/.platformsh/bin:/home/friedger/.nvm/versions/node/v10.21.0/bin:/home/friedger/.nix-profile/bin:/home/friedger/.cargo/bin:/home/friedger/go/bin:~/code/fdroidserver:/home/friedger/.rvm/gems/ruby-2.6.0/bin:/home/friedger/.rvm/gems/ruby-2.6.0@global/bin:/home/friedger/.rvm/rubies/ruby-2.6.0/bin:/home/friedger/.cargo/bin:/home/friedger/.local/bin:/home/friedger/bin:/usr/local/sbin:/usr/local/bin:/usr/sbin:/usr/bin:/sbin:/bin:/usr/games:/usr/local/games:/snap/bin:/home/friedger/.rvm/bin:/home/friedger/Android/Sdk/emulator:/home/friedger/Android/Sdk/tools:/home/friedger/Android/Sdk/tools/bin:/home/friedger/Android/Sdk/platform-tools:/home/friedger/programs/flutter/bin:/home/friedger/.rvm/bin

Yarn version: 
  1.16.0

Node version: 
  10.21.0

Platform: 
  linux x64

Trace: 
  Error: canceled
      at Interface.<anonymous> (/home/friedger/.config/yarn/global/node_modules/yarn/lib/cli.js:125850:13)
      at Interface.emit (events.js:198:13)
      at Interface._ttyWrite (readline.js:801:16)
      at ReadStream.onkeypress (readline.js:184:10)
      at ReadStream.emit (events.js:198:13)
      at emitKeys (internal/readline.js:424:14)
      at emitKeys.next (<anonymous>)
      at ReadStream.onData (readline.js:1073:36)
      at ReadStream.emit (events.js:198:13)
      at addChunk (_stream_readable.js:288:12)

npm manifest: 
  No manifest

yarn manifest: 
  No manifest

Lockfile: 
  No lockfile
